GAS LISTING /tmp/ccxeDySx.s 			page 1


   1               		.file	"main.c"
   2               	__SP_H__ = 0x3e
   3               	__SP_L__ = 0x3d
   4               	__SREG__ = 0x3f
   5               	__tmp_reg__ = 0
   6               	__zero_reg__ = 1
   7               		.stabs	"/home/grant/Documents/ECE_387/Final_Project/Camera_Code/",100,0,2,.Ltext0
   8               		.stabs	"main.c",100,0,2,.Ltext0
   9               		.text
  10               	.Ltext0:
  11               		.stabs	"gcc2_compiled.",60,0,0,0
  12               		.stabs	"int:t(0,1)=r(0,1);-32768;32767;",128,0,0,0
  13               		.stabs	"char:t(0,2)=@s8;r(0,2);0;255;",128,0,0,0
  14               		.stabs	"long int:t(0,3)=@s32;r(0,3);020000000000;017777777777;",128,0,0,0
  15               		.stabs	"unsigned int:t(0,4)=r(0,4);0;0177777;",128,0,0,0
  16               		.stabs	"long unsigned int:t(0,5)=@s32;r(0,5);0;037777777777;",128,0,0,0
  17               		.stabs	"long long int:t(0,6)=@s64;r(0,6);01000000000000000000000;0777777777777777777777;",128,0,0,
  18               		.stabs	"long long unsigned int:t(0,7)=@s64;r(0,7);0;01777777777777777777777;",128,0,0,0
  19               		.stabs	"short int:t(0,8)=r(0,8);-32768;32767;",128,0,0,0
  20               		.stabs	"short unsigned int:t(0,9)=r(0,9);0;0177777;",128,0,0,0
  21               		.stabs	"signed char:t(0,10)=@s8;r(0,10);-128;127;",128,0,0,0
  22               		.stabs	"unsigned char:t(0,11)=@s8;r(0,11);0;255;",128,0,0,0
  23               		.stabs	"float:t(0,12)=r(0,1);4;0;",128,0,0,0
  24               		.stabs	"double:t(0,13)=r(0,1);4;0;",128,0,0,0
  25               		.stabs	"long double:t(0,14)=r(0,1);4;0;",128,0,0,0
  26               		.stabs	"short _Fract:t(0,15)=r(0,1);1;0;",128,0,0,0
  27               		.stabs	"_Fract:t(0,16)=r(0,1);2;0;",128,0,0,0
  28               		.stabs	"long _Fract:t(0,17)=r(0,1);4;0;",128,0,0,0
  29               		.stabs	"long long _Fract:t(0,18)=r(0,1);8;0;",128,0,0,0
  30               		.stabs	"unsigned short _Fract:t(0,19)=r(0,1);1;0;",128,0,0,0
  31               		.stabs	"unsigned _Fract:t(0,20)=r(0,1);2;0;",128,0,0,0
  32               		.stabs	"unsigned long _Fract:t(0,21)=r(0,1);4;0;",128,0,0,0
  33               		.stabs	"unsigned long long _Fract:t(0,22)=r(0,1);8;0;",128,0,0,0
  34               		.stabs	"_Sat short _Fract:t(0,23)=r(0,1);1;0;",128,0,0,0
  35               		.stabs	"_Sat _Fract:t(0,24)=r(0,1);2;0;",128,0,0,0
  36               		.stabs	"_Sat long _Fract:t(0,25)=r(0,1);4;0;",128,0,0,0
  37               		.stabs	"_Sat long long _Fract:t(0,26)=r(0,1);8;0;",128,0,0,0
  38               		.stabs	"_Sat unsigned short _Fract:t(0,27)=r(0,1);1;0;",128,0,0,0
  39               		.stabs	"_Sat unsigned _Fract:t(0,28)=r(0,1);2;0;",128,0,0,0
  40               		.stabs	"_Sat unsigned long _Fract:t(0,29)=r(0,1);4;0;",128,0,0,0
  41               		.stabs	"_Sat unsigned long long _Fract:t(0,30)=r(0,1);8;0;",128,0,0,0
  42               		.stabs	"short _Accum:t(0,31)=r(0,1);2;0;",128,0,0,0
  43               		.stabs	"_Accum:t(0,32)=r(0,1);4;0;",128,0,0,0
  44               		.stabs	"long _Accum:t(0,33)=r(0,1);8;0;",128,0,0,0
  45               		.stabs	"long long _Accum:t(0,34)=r(0,1);8;0;",128,0,0,0
  46               		.stabs	"unsigned short _Accum:t(0,35)=r(0,1);2;0;",128,0,0,0
  47               		.stabs	"unsigned _Accum:t(0,36)=r(0,1);4;0;",128,0,0,0
  48               		.stabs	"unsigned long _Accum:t(0,37)=r(0,1);8;0;",128,0,0,0
  49               		.stabs	"unsigned long long _Accum:t(0,38)=r(0,1);8;0;",128,0,0,0
  50               		.stabs	"_Sat short _Accum:t(0,39)=r(0,1);2;0;",128,0,0,0
  51               		.stabs	"_Sat _Accum:t(0,40)=r(0,1);4;0;",128,0,0,0
  52               		.stabs	"_Sat long _Accum:t(0,41)=r(0,1);8;0;",128,0,0,0
  53               		.stabs	"_Sat long long _Accum:t(0,42)=r(0,1);8;0;",128,0,0,0
  54               		.stabs	"_Sat unsigned short _Accum:t(0,43)=r(0,1);2;0;",128,0,0,0
  55               		.stabs	"_Sat unsigned _Accum:t(0,44)=r(0,1);4;0;",128,0,0,0
  56               		.stabs	"_Sat unsigned long _Accum:t(0,45)=r(0,1);8;0;",128,0,0,0
  57               		.stabs	"_Sat unsigned long long _Accum:t(0,46)=r(0,1);8;0;",128,0,0,0
GAS LISTING /tmp/ccxeDySx.s 			page 2


  58               		.stabs	"void:t(0,47)=(0,47)",128,0,0,0
  59               		.stabs	"/usr/lib/gcc/avr/4.9.2/include/stdint.h",130,0,0,0
  60               		.stabs	"/usr/lib/avr/include/stdint.h",130,0,0,0
  61               		.stabs	"int8_t:t(2,1)=(0,10)",128,0,121,0
  62               		.stabs	"uint8_t:t(2,2)=(0,11)",128,0,122,0
  63               		.stabs	"int16_t:t(2,3)=(0,1)",128,0,123,0
  64               		.stabs	"uint16_t:t(2,4)=(0,4)",128,0,124,0
  65               		.stabs	"int32_t:t(2,5)=(0,3)",128,0,125,0
  66               		.stabs	"uint32_t:t(2,6)=(0,5)",128,0,126,0
  67               		.stabs	"int64_t:t(2,7)=(0,6)",128,0,128,0
  68               		.stabs	"uint64_t:t(2,8)=(0,7)",128,0,129,0
  69               		.stabs	"intptr_t:t(2,9)=(2,3)",128,0,142,0
  70               		.stabs	"uintptr_t:t(2,10)=(2,4)",128,0,147,0
  71               		.stabs	"int_least8_t:t(2,11)=(2,1)",128,0,159,0
  72               		.stabs	"uint_least8_t:t(2,12)=(2,2)",128,0,164,0
  73               		.stabs	"int_least16_t:t(2,13)=(2,3)",128,0,169,0
  74               		.stabs	"uint_least16_t:t(2,14)=(2,4)",128,0,174,0
  75               		.stabs	"int_least32_t:t(2,15)=(2,5)",128,0,179,0
  76               		.stabs	"uint_least32_t:t(2,16)=(2,6)",128,0,184,0
  77               		.stabs	"int_least64_t:t(2,17)=(2,7)",128,0,192,0
  78               		.stabs	"uint_least64_t:t(2,18)=(2,8)",128,0,199,0
  79               		.stabs	"int_fast8_t:t(2,19)=(2,1)",128,0,213,0
  80               		.stabs	"uint_fast8_t:t(2,20)=(2,2)",128,0,218,0
  81               		.stabs	"int_fast16_t:t(2,21)=(2,3)",128,0,223,0
  82               		.stabs	"uint_fast16_t:t(2,22)=(2,4)",128,0,228,0
  83               		.stabs	"int_fast32_t:t(2,23)=(2,5)",128,0,233,0
  84               		.stabs	"uint_fast32_t:t(2,24)=(2,6)",128,0,238,0
  85               		.stabs	"int_fast64_t:t(2,25)=(2,7)",128,0,246,0
  86               		.stabs	"uint_fast64_t:t(2,26)=(2,8)",128,0,253,0
  87               		.stabs	"intmax_t:t(2,27)=(2,7)",128,0,273,0
  88               		.stabs	"uintmax_t:t(2,28)=(2,8)",128,0,278,0
  89               		.stabn	162,0,0,0
  90               		.stabn	162,0,0,0
  91               		.stabs	"/usr/lib/avr/include/avr/io.h",130,0,0,0
  92               		.stabs	"/usr/lib/avr/include/avr/sfr_defs.h",130,0,0,0
  93               		.stabs	"/usr/lib/avr/include/inttypes.h",130,0,0,0
  94               		.stabs	"int_farptr_t:t(5,1)=(2,5)",128,0,77,0
  95               		.stabs	"uint_farptr_t:t(5,2)=(2,6)",128,0,81,0
  96               		.stabn	162,0,0,0
  97               		.stabn	162,0,0,0
  98               		.stabs	"/usr/lib/avr/include/avr/fuse.h",130,0,0,0
  99               		.stabs	"__fuse_t:t(6,1)=(6,2)=s3low:(0,11),0,8;high:(0,11),8,8;extended:(0,11),16,8;;",128,0,244,0
 100               		.stabn	162,0,0,0
 101               		.stabn	162,0,0,0
 102               		.stabs	"/usr/lib/avr/include/avr/pgmspace.h",130,0,0,0
 103               		.stabs	"/usr/lib/gcc/avr/4.9.2/include/stddef.h",130,0,0,0
 104               		.stabs	"size_t:t(8,1)=(0,4)",128,0,212,0
 105               		.stabn	162,0,0,0
 106               		.stabn	162,0,0,0
 107               		.stabs	"ov7670.h",130,0,0,0
 108               		.stabs	"RESOLUTION:T(9,1)=@s8;eVGA:0,QVGA:1,QQVGA:2,;",128,0,0,0
 109               		.stabs	"COLORSPACE:T(9,2)=@s8;eYUV422:0,RGB565:1,BAYER_RGB:2,;",128,0,0,0
 110               		.stabs	"regval_list:T(9,3)=s2reg_num:(2,2),0,8;value:(2,2),8,8;;",128,0,0,0
 111               		.stabn	162,0,0,0
 112               		.stabs	"states:T(0,48)=@s8;einitial:0,waitRise:1,takePic:2,savePic:3,waitFall:4,;",128,0,0,0
 113               		.section	.gnu.lto_.profile.8be6ed9da67a9735,"",@progbits
 114 0000 789C 6366 		.string	"x\234cf```c\200"
GAS LISTING /tmp/ccxeDySx.s 			page 3


 114      6060 6063 
 114      8000 
 115 000a 4686 F94C 		.ascii	"F\206\371L\367\030\001\004\341\001\213"
 115      F718 0104 
 115      E101 8B
 116               		.text
 117               		.section	.gnu.lto_.jmpfuncs.8be6ed9da67a9735,"",@progbits
 118 0000 789C 6D8F 		.string	"x\234m\217\273\n\302@\020E\347\356\306\020A\020\033\013[?\300\337\263\t\356\017\210\242\2
 118      BB0A C240 
 118      1045 E7EE 
 118      C610 4110 
 118      1B0B 5B3F 
 119 0045 5420 00   		.string	"T "
 120 0048 59D1 2B10 		.ascii	"Y\321+\020\210f\216+K#UWV((\022\204b\201_\352h=\235\034\245\375"
 120      8866 8E2B 
 120      4B23 5557 
 120      5628 2812 
 120      8462 815F 
 121 0063 522D 8E80 		.ascii	"R-\216\200.JDpa\223$\022\334\275\251\313&{\026\241\0209B\017"
 121      2E4A 4470 
 121      6193 2412 
 121      DCBD A9CB 
 121      267B 16A1 
 122 007b 0562 E875 		.ascii	"\005b\350u\036o\304P\022\372\032\306\232\303\311\337ZLu\027\203"
 122      1E6F C450 
 122      12FA 1AC6 
 122      9AC3 C9DF 
 122      5A4C 7517 
 123 0090 1FF5 8FAB 		.ascii	"\037\365\217\253Z\206\251\241\275CM\277\270\332X,\323\214Sj\037"
 123      5A86 A9A1 
 123      BD43 4DBF 
 123      B8DA 582C 
 123      D38C 536A 
 124 00a5 E409 239D 		.ascii	"\344\t#\235\030D\251D\333\334\267w\006\307\346\\\327\306\211"
 124      1844 A944 
 124      DBDC B777 
 124      06C7 E65C 
 124      D7C6 89
 125 00b8 777B 759E 		.ascii	"w{u\236\261\301,\023<\276e\361?>3\254Hz"
 125      B1C1 2C13 
 125      3CBE 65F1 
 125      3F3E 33AC 
 125      487A 
 126               		.text
 127               		.section	.gnu.lto_.inline.8be6ed9da67a9735,"",@progbits
 128 0000 789C 6366 		.string	"x\234cf\300\016\016@i6\006\006\341\337l\214\fL\n\037\016\3440\260-\220g\002\2112\036`z\30
 128      C00E 0E40 
 128      6936 0606 
 128      E1DF 6C8C 
 128      0C4C 0A1F 
 129 003d 1531 7103 		.string	"\0251q\003\025203\250\237\002RLf\037\2262\303\3653\363"
 129      1532 3033 
 129      A89F 0252 
 129      4C66 1F96 
 129      32C3 F533 
 130 0053 A561 2A20 		.string	"\245a* $#\027\310\\F\020\223\205\201\213\023(\314\267!\027\256\201\225\301L\034(\024\367\
 130      2423 17C8 
GAS LISTING /tmp/ccxeDySx.s 			page 4


 130      5C46 1093 
 130      8581 8B13 
 130      28CC B721 
 131 008c 9E25 1852 		.ascii	"\236%\030R"
 132               		.text
 133               		.section	.gnu.lto_.pureconst.8be6ed9da67a9735,"",@progbits
 134 0000 789C 6366 		.string	"x\234cf``\340e\200"
 134      6060 E065 
 134      8000 
 135 000a 3606 2B46 		.string	"6\006+F)f+\026)V)\016\023"
 135      2966 2B16 
 135      2956 290E 
 135      1300 
 136 0018 0823 0122 		.ascii	"\b#\001\""
 137               		.text
 138               		.section	.gnu.lto_StringPgm.8be6ed9da67a9735,"",@progbits
 139 0000 789C 9554 		.string	"x\234\225T[k\\U\024\336\337\336\347~N2\241\bB\036\314@\bE\250\322\202\330'\037\3627|)\301
 139      5B6B 5C55 
 139      14DE DFDE 
 139      E77E 4E32 
 139      A108 421E 
 140 00a9 EF02 A24D 		.string	"\357\002\242M*+\264\235\300\365=\264Y\312\024\345\230\3152\333orI\"[8\235\013w~\022\307\3
 140      2A2B B49D 
 140      C0F5 3DB4 
 140      59CA 14E5 
 140      98CD 32DB 
 141 00e2 829E AFCE 		.ascii	"\202\236\257\316\255.GweY\242\206\217\357__XQ|\224\222\217\037"
 141      AD2E 4777 
 141      6559 A286 
 141      8FEF 5F5F 
 141      5851 7C94 
 142 00f9 CE1C EF8E 		.ascii	"\316\034\357\216\032N\304q{a\2623N\242,\025>\205"
 142      1A4E C471 
 142      7B61 B233 
 142      4EA2 2C15 
 142      3E85 
 143 010b 223C 9C42 		.string	"\"<\234B->C\255 \223\300i4\260\373R\346\301\365\320\311P\366\032\223\023g\340\200*\244\27
 143      2D3E 43AD 
 143      2093 C069 
 143      34B0 FB52 
 143      E6C1 F5D0 
 144 020c 8F33 DBF5 		.string	"\2173\333\365\321bP\267\307\304z\354\371\353\233g\356I\035\373e%v\342f:\347s\354%\216\245
 144      D162 50B7 
 144      C7C4 7AEC 
 144      F9EB 9B67 
 144      EE49 1DFB 
 145 02d2 0B44 59C6 		.ascii	"\013DY\306eZ\216,}\340p\020E\024/\fuU\351\252\212\272\312\311"
 145      655A 8E2C 
 145      7DE0 7010 
 145      4514 2F0C 
 145      7555 E9AA 
 146 02ea B73B 9713 		.ascii	"\267;\227\023\033\312\032_/\3532\225\245'F\004;\377\020\374s"
 146      1BCA 1A5F 
 146      2FEB 3295 
 146      A527 4604 
 146      3BFF 10FC 
 147 02ff 5E99 FCD5 		.ascii	"^\231\374\325\377\332\324\304zS\327\244\361OP\310\266&\022\033"
GAS LISTING /tmp/ccxeDySx.s 			page 5


 147      FFDA D4C4 
 147      7A53 D7A4 
 147      F14F 50C8 
 147      B626 121B 
 148 0313 AA0E 2A55 		.ascii	"\252\016*U\273\246\352t\256\343a\367Vm\222\354Y\364\177k\263"
 148      BBA6 EA74 
 148      AEE3 61F7 
 148      566D 92EC 
 148      59F4 7F6B 
 149 0328 C818 1E69 		.ascii	"\310\030\036i\223G\310rv\215\311'\253\221k\361\277\311\365\312"
 149      9347 C872 
 149      768D C927 
 149      AB91 6BF1 
 149      BFC9 F5CA 
 150 033c 56B9 7EC3 		.ascii	"V\271~\303\222\013\350\346\333\307\312\365\273\255r\275\312\261"
 150      920B E8E6 
 150      DBC7 CAF5 
 150      BBAD 72BD 
 150      CAB1 
 151 034e 3475 4C92 		.ascii	"4uL\222\\\251\333\233\351\200\353%\274\r\335\372\"\357P\263\036"
 151      5CA9 DB9B 
 151      E980 EB25 
 151      BC0D DDFA 
 151      22EF 50B3 
 152 0363 BF99 7790 		.ascii	"\277\231w\220*\034\266MO|\0072\022\262{\240\351\225W\237}I\250"
 152      2A1C B64D 
 152      4F7C 0732 
 152      12B2 7BA0 
 152      E995 579F 
 153 037a 83AD 2DDE 		.ascii	"\203\255-\336\276}M\315\315-{\236\247\207\226\227\017\276\276"
 153      BE7D 4DCD 
 153      CD2D 7B9E 
 153      A787 9697 
 153      0FBE BE
 154 038d BF35 DAFF 		.ascii	"\2775\332\377\332\201d\303\356]\311\027\003_\250\027Z\204|C\250"
 154      DA81 64C3 
 154      EE5D C917 
 154      035F A817 
 154      5A84 7C43 
 155 03a2 E6A6 D647 		.ascii	"\346\246\326G\247\031\345x"
 155      A719 E578 
 156               		.text
 157               		.section	.gnu.lto_captureImg.8be6ed9da67a9735,"",@progbits
 158 0000 789C 7D58 		.string	"x\234}XipTU\026~\347\276tw:\351t\026\022\262\257\235\235\220\220\205 #\242\255\310\210\34
 158      6970 5455 
 158      167E E7BE 
 158      7477 3AE9 
 158      7416 12B2 
 159 0056 99B3 BC4E 		.ascii	"\231\263\274N\277\344Y\335?\316"
 159      BFE4 59DD 
 159      3FCE 
 160 0060 7DEF ECF7 		.string	"}\357\354\367|\337\355~\257u\315\372\351Q\2326)Q\3232\360\032j5P\313\016kZ]\244\002].t5~\
 160      7CDF ED7E 
 160      AF75 CDFA 
 160      E951 9A36 
 160      2951 D332 
 161 0161 996C CE90 		.string	"\231l\316\220\0252\225M\314Yl\316\002 \265\006\332\002\245\217\217\310\257\261\331=\325\2
GAS LISTING /tmp/ccxeDySx.s 			page 6


 161      1532 954D 
 161      CC59 6CCE 
 161      0220 B506 
 161      DA02 A58F 
 162 01eb 1E85 3E25 		.ascii	"\036\205>%.\360.\024\241\323\225\313\215\347\354z\024hx}\360"
 162      2EF0 2E14 
 162      A1D3 95CB 
 162      8DE7 EC7A 
 162      1468 787D 
 163 0200 FBEB 7DAE 		.ascii	"\373\353}\256\036\025P\020G\267kN^\270\252\323\255Rt\273\177"
 163      1E15 5010 
 163      47B7 6B4E 
 163      5EB8 AAD3 
 163      AD52 74BB 
 164 0215 CFD2 C905 		.ascii	"\317\322\311\005o\371|\365\376\003\213}9\020P:l\004\035\323\301"
 164      6FF9 7CF5 
 164      FE03 8B7D 
 164      3910 503A 
 164      6C04 1DD3 
 165 022a 2648 83F7 		.ascii	"&H\203\367 MC\225\006\357C\001:\237?\322\271;Z\217\341\264\357"
 165      204D 4395 
 165      06EF 4301 
 165      3A9F 3FD2 
 165      B93B 5A8F 
 166 0241 6E69 6B05 		.ascii	"nik\005\211<\033\214\374\340W\"7C\001\271\037Z?C\217\343\300"
 166      893C 1B8C 
 166      FCE0 5722 
 166      3743 01B9 
 166      1F5A 3F43 
 167 0258 45AF 9C6B 		.ascii	"E\257\234k\211\362\274\211\201\235_\354L\354\364-\363\r\016."
 167      89F2 BC89 
 167      819D 5FEC 
 167      4CEC F42D 
 167      F30D 0E2E 
 168 026c A0E8 2DC3 		.ascii	"\240\350-\303\243\345\203\001\215\275\027\367\331\365D\016^\374"
 168      A3E5 8301 
 168      8DBD 17F7 
 168      D9F5 440E 
 168      5EFC 
 169 027e 4ADD 8F91 		.ascii	"J\335\217\221\274\031_\"\335\377\362\327\343M\212w\343\347\355"
 169      BC19 5F22 
 169      DDFF F2D7 
 169      E34D 8A77 
 169      E3E7 ED
 170 0291 AC5E D9DB 		.ascii	"\254^\331\333\036\213\311\375\276\316\303;\"\206\222G\300?$\371"
 170      1E8B C9FD 
 170      BECE C33B 
 170      2286 9247 
 170      C03F 24F9 
 171 02a5 364C FE4F 		.ascii	"6L\376Os\362+\2157OF\333\033q\234q\260\025<\260\035<2L\330\001"
 171      73F2 2B8D 
 171      374F 46DB 
 171      1B71 9C71 
 171      B015 3CB0 
 172 02bf 76D0 345B 		.ascii	"v\3204[P{\223\363\257\3539\323\nz\n\367\262\371\325\335+\354"
 172      507B 93F3 
 172      AFEB 39D3 
GAS LISTING /tmp/ccxeDySx.s 			page 7


 172      0A7A 0AF7 
 172      B2F9 D5DD 
 173 02d5 B291 75E7 		.ascii	"\262\221u\347\333\225o\211\257\376\362\340`l@\331\240\345\327"
 173      DB95 6F89 
 173      AFFE F2E0 
 173      606C 40D9 
 173      A0E5 D7
 174 02e8 B602 3BC1 		.ascii	"\266\002;\301\203a\365\033\327\034p\353i\234\342\332\3157ztN"
 174      8361 F51B 
 174      D71C 70EB 
 174      699C E2DA 
 174      CD37 7A74 
 175 02fd E17F 0F87 		.ascii	"\341\177\017\207X\367w\337\255\301A\240\f\273~5C+x\266&\370q"
 175      58F7 77DF 
 175      ADC1 41A0 
 175      0CBB 7E35 
 175      432B 78B6 
 176 0314 4F7D 1B7A 		.ascii	"O}\033z\256\327\306\317\003\236/\372a\223:\313\b.ccW;K\027\342"
 176      AED7 C6CF 
 176      039E 2FFA 
 176      6193 3ACB 
 176      082E 6363 
 177 032d 608F 21E1 		.ascii	"`\217!\341&\021K\"\016(.\236\243\023X\216\002\3028\221s$\261"
 177      2611 4B22 
 177      0E28 2E9E 
 177      A313 588E 
 177      02C2 3891 
 178 0344 1C4D 8EC9 		.ascii	"\034M\216\311$RH\244\242p\020\246\216t\272\315\240\253L\022Y"
 178      2452 48A4 
 178      A270 10A6 
 178      8E74 BACD 
 178      A0AB 4C12 
 179 0359 24B2 4997 		.ascii	"$\262I\227K\"\217\204\207D>\211\002\022\205\344RD\242\230nK\350"
 179      4B22 8F84 
 179      8744 3E89 
 179      0212 85E4 
 179      5244 A298 
 180 0370 AA94 C418 		.ascii	"\252\224\304\030\022e\244+'QAb\034\211J\022U$\252\311\245\206"
 180      1265 A42B 
 180      2751 4162 
 180      1C89 4A12 
 180      5524 AAC9 
 181 0386 C478 BAAD 		.ascii	"\304x\272\255\245\253\t$n#1\221t\267\223\230D\342\016\022\223"
 181      A5AB 0924 
 181      6E23 3191 
 181      74B7 9398 
 181      44E2 0E12 
 182 039b 49DC 49E2 		.ascii	"I\334I\342.r\361\222\270\233n\357\241\253)$\356%1\225t\367\221"
 182      2E72 F192 
 182      B89B 6EEF 
 182      A1AB 2924 
 182      EE25 3195 
 183 03b2 9846 E27E 		.ascii	"\230F\342~\022\323I\314\340\031>@\227\017\222\343C$\036\246\333"
 183      12D3 49CC 
 183      E019 3E40 
 183      970F 92E3 
 183      4324 1EA6 
GAS LISTING /tmp/ccxeDySx.s 			page 8


 184 03c7 47E8 6A26 		.ascii	"G\350j&\211GI<F\272\307y\312O\320\345\223$\236\"\3614\217\360"
 184      8947 493C 
 184      46BA C779 
 184      CA4F D0E5 
 184      9324 9E22 
 185 03df 19BA 7C96 		.ascii	"\031\272|\226\304s|?\213]\237g9\233\324sI\274@\342Ev\320\264"
 185      C473 7C3F 
 185      8B5D 9F67 
 185      399B D473 
 185      49BC 40E2 
 186 03f7 2EE4 9E53 		.ascii	".\344\236S\273\200\207\323\251\237\201F\3776'\021\221\251w\374"
 186      BB80 87D3 
 186      A99F 8146 
 186      FF36 2711 
 186      91A9 77FC 
 187 040b 6F5B D4FC 		.ascii	"o[\324\374\377\371\026\371\"\003*\262O"
 187      FFF9 16F9 
 187      2203 2AB2 
 187      4F
 188 0418 2139 6137 		.string	"!9a7\314'\323\312\245_\267\352hZE&\347M%\324\376\256\353\310Q>+N\276\335\264tE+\274\001\3
 188      CC27 D3CA 
 188      A55F B7EA 
 188      685A 4526 
 188      E74D 25D4 
 189 0519 FE8A C122 		.ascii	"\376\212\301\"\237Q\212\304\0015\n\335\2266\356\354\260\323&"
 189      9F51 8AC4 
 189      0135 0ADD 
 189      9636 EEEC 
 189      B0D3 26
 190 052c 743C C2ED 		.ascii	"t<\302\355\234\264\0137\324\350\300\224\036\r\177\302\244\373"
 190      9CB4 0B37 
 190      D4E8 C094 
 190      1E0D 7FC2 
 190      A4FB 
 191 053e C36B 6A25 		.ascii	"\303kj%lt\270\356?\037\352\376\006\210{\254D\354Y\276\177\025"
 191      6C74 B8EE 
 191      3F1F EAFE 
 191      0688 7BAC 
 191      44EC 59BE 
 192 0554 57B1 E3D7 		.ascii	"W\261\343\327\305\376\340f^2|L\233\251\326\360G\024K;\260\003"
 192      C5FE E066 
 192      5E32 7C4C 
 192      9BA9 D6F0 
 192      4714 4B3B 
 193 056a 03E3 3535 		.ascii	"\003\34355\342\226\202y\366~x\3642\217\334]\310<\331|\245\315"
 193      E296 8279 
 193      F67E 78F4 
 193      328F DC5D 
 193      C83C D97C 
 194 0580 196A E4C0 		.ascii	"\031j\344\300P#_H#\365\035\013\367\031\215\244b\002n\315.\367"
 194      5023 5F48 
 194      23F5 1D0B 
 194      F719 8DA4 
 194      6202 6ECD 
 195 0596 69A8 C20C 		.ascii	"i\250\302\f[?;\270\227\033s\304jp\020c\271f\227\022\247\364p"
 195      5B3F 3BB8 
 195      971B 73C4 
GAS LISTING /tmp/ccxeDySx.s 			page 9


 195      6A70 1063 
 195      B966 9712 
 196 05ad 9B3D 64A9 		.ascii	"\233=d\251\221\201\021\346\032\231\250\302\fm\355\201\355L$\007"
 196      9181 11E6 
 196      1A99 A8C2 
 196      0C6D ED81 
 196      ED4C 2407 
 197 05c1 7E5B CB07 		.ascii	"~[\313\007\026\300\227\\\254\341\252\341\233\305-erB\207\250"
 197      16C0 975C 
 197      ACE1 AAE1 
 197      9BC5 2D65 
 197      7242 87A8 
 198 05d5 B251 4BF7 		.ascii	"\262QK\367\3139\275\231\3226\246t\313\365\365?\306Pg>\237?\""
 198      CB39 BD99 
 198      D236 A674 
 198      CBF5 F53F 
 198      C650 673E 
 199 05ec A0E2 06F0 		.ascii	"\240\342\006\360W\347"
 199      57E7 
 200 05f2 30B7 7604 		.string	"0\267v\004[\303x>-\221\004\242\214\262c\315m\22297\334\276\276\032\002q\2371\206d\214\b\2
 200      5BC3 783E 
 200      2D91 04A2 
 200      8CB2 63CD 
 200      6D92 3937 
 201 06f3 EB0E B41E 		.ascii	"\353\016\264\036s\216\200\374[n\341\337\f\371D\206\334\035\202"
 201      738E 80FC 
 201      5B6E E1DF 
 201      0CF9 4486 
 201      DC1D 82
 202 0706 FC70 B301 		.ascii	"\374p\263\001\371\355\341\372?c\201\274\022#,\220W\232\346_n"
 202      F9ED E1FA 
 202      3F63 81BC 
 202      1223 2C90 
 202      579A E65F 
 203 071b 401E 2B90 		.ascii	"@\036+\220\347\204 ?\321l@~G\270\222g-\220O\302\b\013\344\223"
 203      E784 203F 
 203      D16C 407E 
 203      47B8 9267 
 203      2D90 4FC2 
 204 0733 4C25 C71A 		.ascii	"L%\307\032\220\307\rA\336\021\204\374\316p\220wX\320\271\013"
 204      90C7 0D41 
 204      DE11 84FC 
 204      CE70 9077 
 204      58D0 B90B 
 205 0747 23CC E878 		.ascii	"#\314\350xQe\205\374\356p\375\177gIz\017F\230\223NA\325H\310"
 205      5165 85FC 
 205      EE70 FD7F 
 205      6749 7A0F 
 205      4698 934E 
 206 075f EFE5 5A53 		.ascii	"\357\345ZS\314\220OE\3550\310\267\256\277v\013\030r\235 ?\267"
 206      CC90 4F45 
 206      ED30 C8B7 
 206      AEBF 760B 
 206      1872 9D20 
 207 0775 FB87 40D4 		.ascii	"\373\207@\324\b\310;\271\205s\f\371T\206<>\004yw\020\362\373"
 207      08C8 3BB9 
 207      8573 0CF9 
GAS LISTING /tmp/ccxeDySx.s 			page 10


 207      5486 3C3E 
 207      0479 7710 
 208 078b C2F5 FFBD 		.ascii	"\302\365\377\275\005\362\311\030a\201|\262i\376e\006\344\t\002"
 208      05F2 C918 
 208      6181 7CB2 
 208      69FE 6506 
 208      E409 02
 209 079e 7976 08F2 		.ascii	"yv\b\362KA\310\357\017W\362\274\005\362i\030a\201|\232\251\344"
 209      4B41 C8EF 
 209      0F57 F2BC 
 209      05F2 6918 
 209      6181 7C9A 
 210 07b4 1803 F251 		.ascii	"\030\003\362Q\002y}\377\302\376f\227\270\315\300R\275\307\233"
 210      0279 7DFF 
 210      C2FE 6697 
 210      B8CD C052 
 210      BDC7 9B
 211 07c7 F7F0 E988 		.ascii	"\367\360\351\210\267\321\250\226u"
 211      B7D1 A896 
 211      75
 212 07d0 7CB5 4F97 		.string	"|\265O\227QE\032\223\3522\0361\373\232_o\240\207H\266\330\340\002\265\242A7>\300\362\006\
 212      5145 1A93 
 212      EA32 1E31 
 212      FB9A 5F6F 
 212      A087 48B6 
 213 0842 CEA9 84AA 		.ascii	"\316\251\204\252\326\367/>d\364\366\204\351I\0038\211\315x\312"
 213      D6F7 2F3E 
 213      64F4 F684 
 213      E949 0338 
 213      89CD 78CA 
 214 0856 F8AF EC63 		.ascii	"\370\257\354c\357\3627]F\375\366mmKb\370\361\254\235\177\256"
 214      EFF2 375D 
 214      46FD F66D 
 214      6D4B 62F8 
 214      F1AC 9D7F 
 215 086b 569E AA5B 		.ascii	"V\236\252[\353\346\021\324Q\003\261\320;4\204\037\271\203'\230"
 215      EBE6 11D4 
 215      5103 B1D0 
 215      3B34 841F 
 215      B983 2798 
 216 087f C989 2126 		.ascii	"\311\211!&\267\2575zy2\334\004/Y\230<\035#,L\236n\242U\251\301"
 216      B7AF 357A 
 216      7932 DC04 
 216      2F59 983C 
 216      1D23 2C4C 
 217 0899 E412 6172 		.ascii	"\344\022ar\222v\226\330\325\260\274\251=\370\013\2314\240\350"
 217      9276 96D8 
 217      D5B0 BCA9 
 217      3DF8 0B99 
 217      34A0 E8
 218 08ac EF8E 152D 		.ascii	"\357\216\025-\037\257\342_\\\235\376R\201\237\202T\235#^\312"
 218      1FAF E25F 
 218      5C9D FE52 
 218      819F 8254 
 218      9D23 5ECA 
 219 08c0 FC1C A663 		.ascii	"\374\034\246c/\227\245D7(|\246\266\335\330\236\202\231J\226\264"
 219      2F97 A544 
GAS LISTING /tmp/ccxeDySx.s 			page 11


 219      3728 7CA6 
 219      B6DD D89E 
 219      8299 4A96 
 220 08d5 BCDC 0D11 		.ascii	"\274\334\r\0214\221\217~\351q2\t;\327\275\345\b\250\004~\337"
 220      3491 8F7E 
 220      E971 3209 
 220      3BD7 BDE5 
 220      08A8 047E 
 221 08ea D7E0 0ACC 		.ascii	"\327\340\n\314\267\265\352H\351\222\336])\335`\033\351\032\035"
 221      B7B5 EA48 
 221      E992 DE5D 
 221      29DD 601B 
 221      E91A 1D
 222 08fd 72FD 195D 		.ascii	"r\375\031]7\332\020\235\222\033\273^\306i\2156\036\364W4u\254"
 222      37DA 109D 
 222      921B BB5E 
 222      C669 8D36 
 222      1EF4 5734 
 223 0913 350E C6D3 		.ascii	"5\016\306\323\030\376\352\251\265\307\370\365G\367\343\353y\037"
 223      18FE EAA9 
 223      B5C7 F8F5 
 223      47F7 E3EB 
 223      791F 
 224 0925 E0D3 6422 		.ascii	"\340\323d\"O7Y\266J_\023\301\341>C\177&lo;\313\3379n?c\365\372"
 224      4F37 59B6 
 224      4A5F 13C1 
 224      E13E 437F 
 224      266C 6F3B 
 225 0941 0F37 EAED 		.ascii	"\0177\352\355\241a_\035\032\366\265\241a\2371\206\375\224d\330"
 225      A161 5F1D 
 225      1AF6 B5A1 
 225      619F 3186 
 225      FD94 64D8 
 226 0955 BDE5 EA97 		.ascii	"\275\345\352\227\321\374P\237\243A\177p\366\306\234\2362\315"
 226      D1FC 509F 
 226      A341 7F70 
 226      F6C6 9C9E 
 226      32CD 
 227 0967 BE58 669E 		.ascii	"\276Xf\236\"'\032\031\327\037l\344\371\001e\2670n\266\205qv\203"
 227      2227 1A19 
 227      D71F 6CE4 
 227      F901 65B7 
 227      306E B685 
 228 097e 7103 16C6 		.ascii	"q\003\026\306\205a\330uf\330l\236Aj\210a\267\326\376F\312\274"
 228      8561 D875 
 228      66D8 6C9E 
 228      416A 8861 
 228      B7D6 FE46 
 229 0994 106E D381 		.ascii	"\020n\323\201\241M\007\217\364\263\030\021\332\245\301\260gM"
 229      A14D 078F 
 229      F4B3 1811 
 229      DAA5 C1B0 
 229      674D 
 230 09a6 BB2C 3218 		.ascii	"\273,2\030V(\273M#\230\220\026/\"<\311\037\356F\220g\341\321"
 230      5628 BB4D 
 230      2398 9016 
 230      2F22 3CC9 
GAS LISTING /tmp/ccxeDySx.s 			page 12


 230      1FEE 4690 
 231 09bd 4906 EC26 		.ascii	"I\006\354&\035\021\001&\337\245\340 \236\033P\272\205kz\210\\"
 231      1D11 0126 
 231      DFA5 E020 
 231      9E1B 50BA 
 231      856B 7A88 
 232 09d2 4895 17D3 		.ascii	"H\225\027\323p;\317\025\356\327\273\3116\213\356\236/\354\232"
 232      703B CF15 
 232      EED7 BBC9 
 232      368B EE9E 
 232      2FEC 9A
 233 09e5 8895 0BE4 		.ascii	"\210\225\013\344\r0\003\337\340\3215~@\305\345S\231Ly\367\244"
 233      0D30 03DF 
 233      E0D1 357E 
 233      40C5 E553 
 233      994C 79F7 
 234 09fa 32AB 6BE4 		.ascii	"2\253k\344\2751a@A\250\214\3612\t\2412\2303>\003EB\301F\0353"
 234      BD31 6140 
 234      41A8 8CF1 
 234      3209 A132 
 234      9833 3E03 
 235 0a14 6461 461C 		.ascii	"daF\034\332)\033\3777\265\235\377M\362}rz\300^\273\303\267\b"
 235      DA29 1BFF 
 235      37B5 9DFF 
 235      4DF2 7D72 
 235      7AC0 5EBB 
 236 0a2b 2786 2F73 		.ascii	"'\206/s\277@\255\326\001u\376]\277\225\227K\232\004hN\245i\216"
 236      BF40 ADD6 
 236      0175 FE5D 
 236      BF95 974B 
 236      9A04 684E 
 237 0a42 3FCE FEFD 		.ascii	"?\316\376\375\237\312\347j\352/\363\324\357\346\351\177\230W"
 237      9FCA E76A 
 237      EA2F F3D4 
 237      EFE6 E97F 
 237      9857 
 238 0a54 A5CF F9F3 		.ascii	"\245\317\371\363K0G\315\251\372?\261\314<_"
 238      4B30 47CD 
 238      A9FA 3FB1 
 238      CC3C 5F
 239               		.text
 240               		.section	.gnu.lto_setup.8be6ed9da67a9735,"",@progbits
 241 0000 789C 7D96 		.string	"x\234}\226KP\223W\024\200\357\371\377$\204gPh\247\262\301\221\3168\343B\272\356\2523\335t
 241      4B50 9357 
 241      1480 EFF9 
 241      FF24 8467 
 241      5068 A7B2 
 242 007c F807 0376 		.ascii	"\370\007\003vJ\202S\260,=\227``a\313\025\265$y$\026\313\370\262"
 242      4A82 53B0 
 242      2C3D 9760 
 242      6061 CB15 
 242      B524 7924 
 243 0094 6C72 7143 		.ascii	"lrqC\306%H\270\034\252-\275$\037\254V\024\305\271\320~\337\004"
 243      C625 48B8 
 243      1CAA 2DBD 
 243      241F AC56 
 243      14C5 B9D0 
GAS LISTING /tmp/ccxeDySx.s 			page 13


 244 00ab A628 8F24 		.ascii	"\246(\217$1\227\304\3402$@\r\340Fp\005\016\242\356\363\274\177"
 244      3197 C4E0 
 244      3224 400D 
 244      E046 7005 
 244      0EA2 EEF3 
 245 00c1 2623 7579 		.ascii	"&#uy\\7\0265\370\213\253\240\003\376\254\333kSvv.\025Y\3075\007"
 245      5C37 1635 
 245      F88B ABA0 
 245      03FE ACDB 
 245      6B53 7676 
 246 00db 64E6 9164 		.ascii	"d\346\221d\r\n\035\2120\024Q(\242Q\030P\304\242\210C\021\217"
 246      0D0A 1D8A 
 246      3014 5128 
 246      A251 1850 
 246      C4A2 8843 
 247 00f1 621F 8A04 		.ascii	"b\037\212\004\024\21498\026#X\344N\360\247\374\b\214\366\316"
 247      148C 3938 
 247      1623 58E4 
 247      4EF0 A7FC 
 247      088C F6CE 
 248 0105 3380 1B61 		.ascii	"3\200\033aT\021\334\213\273g*\335\232DC\271R\272\337#i\320\257"
 248      5411 DC8B 
 248      BB67 2ADD 
 248      9A44 43B9 
 248      52BA DF23 
 249 011c 91B5 BEB6 		.ascii	"\221\265\276\266p\r\267\204\337 \221K+h\330\024\330\335\005\023"
 249      700D B784 
 249      DF20 914B 
 249      2B68 D814 
 249      D8DD 0513 
 250 0130 1551 68B9 		.ascii	"\025Qh\271)\311\\\253\257\250\355\006\005\256}\027\215\346\034"
 250      29C9 5CAB 
 250      AFA8 ED06 
 250      05AE 7D17 
 250      8DE6 1C
 251 0143 C3F7 F4B4 		.ascii	"\303\367\364\264d\270,\331\252\234\212,\207\237\215y\340\221"
 251      64B8 2CD9 
 251      AA9C 8A2C 
 251      879F 8D79 
 251      E091 
 252 0155 7470 8D07 		.ascii	"tp\215\007_\213\301C\035\224\003\247\345n\350\004J#h\277\024"
 252      5F8B C143 
 252      1D94 03A7 
 252      E56E E804 
 252      4A23 68BF 
 253 016a 9758 B568 		.ascii	"\227X\265h.\353\031\324sM\276\241\205\374\374?\330u\016\343\b"
 253      2EEB 19D4 
 253      734D BEA1 
 253      85FC FC3F 
 253      D875 0EE3 
 254 017f E1DD 6C45 		.ascii	"\341\335lE\214@\242I}\307\332\034eI\333\002\350\217R\334s^\347"
 254      8C40 A249 
 254      7DC7 DA1C 
 254      6549 DB02 
 254      E88F 52DC 
 255 0196 4734 A888 		.ascii	"G4\250\210F\257?[^\177\302\204\375Y{\323\212\016\355u\027\201"
 255      46AF 3F5B 
GAS LISTING /tmp/ccxeDySx.s 			page 14


 255      5E7F C284 
 255      FD59 7BD3 
 255      8A0E ED75 
 256 01ac 4153 9043 		.ascii	"AS\220C!i\315\344P\030*;\353\335F\331\253\337Z\376\270:\214\274"
 256      2169 CDE4 
 256      5018 2A3B 
 256      EBDD 46D9 
 256      ABDF 5AFE 
 257 01c4 A927 6FBA 		.ascii	"\251'o\272\233\363M\" \243\r\367\200\026\225p\203\023\260\254"
 257      9BF3 4D22 
 257      20A3 0DF7 
 257      8016 9570 
 257      8313 B0AC 
 258 01d8 1C4B EE68 		.ascii	"\034K\356h\332\377C\0067\305\366N\247\237\2703b\256\245\363\322"
 258      DAFF 4306 
 258      37C5 F64E 
 258      A79F B833 
 258      62AE A5F3 
 259 01ed 5E27 E24F 		.ascii	"^'\342O\305\346z] \261U%\266\t\342\206\365\325X$\021\303\031"
 259      C5E6 7A5D 
 259      20B1 5525 
 259      B609 E286 
 259      F5D5 5824 
 260 0204 B47B 89F5 		.ascii	"\264{\211\365\233_{\2013\371O*\204\213\215\004|\341\266\366\030"
 260      9B5F 7B81 
 260      33F9 4F2A 
 260      848B 8D04 
 260      7CE1 B6F6 
 261 0219 0281 B754 		.ascii	"\002\201\267T\340m\001T3\216\245\324!\200\356\202m_\215Da\334"
 261      E06D 0154 
 261      338E A5D4 
 261      2180 EE82 
 261      6D5F 8D44 
 262 022f 25FD 15A2 		.ascii	"%\375\025\242(\250\340g\0277\356F\370\217\255S%\332\202\222\020"
 262      28A8 E067 
 262      1737 EE46 
 262      F88F AD53 
 262      25DA 8292 
 263 0244 2DCC EFBC 		.ascii	"-\314\357\274(sP\211\351\234<\t]AI\bI\263S\022\242\205?\366D"
 263      2873 5089 
 263      E99C 3C09 
 263      5D41 4908 
 263      49B3 5312 
 264 025d 8134 6061 		.ascii	"\2014`a\267\274\354\247C\325\036Bw*\013'\362e?\240[\005\364\004"
 264      B7BC ECA7 
 264      43D5 1E42 
 264      772A 0B27 
 264      F265 3FA0 
 265 0275 B913 2BCC 		.ascii	"\271\023+\314\353.\276\334\006r\207O\210\336 oB\302\372\310\233"
 265      EB2E BEDC 
 265      0672 874F 
 265      88DE 206F 
 265      42C2 FAC8 
 266 028a 5836 0D79 		.ascii	"X6\ry\363s\326\022\034!c\323g\355\341\362\373t\316\255\265\033"
 266      F373 D612 
 266      1C21 63D3 
 266      67ED E1F2 
GAS LISTING /tmp/ccxeDySx.s 			page 15


 266      FB74 CEAD 
 267 02a0 8394 16B6 		.ascii	"\203\224\026\266\037\227m\226\376R\252;\240V<m\336th\223\252"
 267      1F97 6D96 
 267      FE52 AA3B 
 267      A056 3C6D 
 267      DE74 6893 
 268 02b5 F888 98AF 		.ascii	"\370\210\230\257\251\316\217Q\276WL\316\235\035\203G\n\203; "
 268      A9CE 8F51 
 268      BE57 4CCE 
 268      9D1D 8347 
 268      0A83 3B20 
 269 02c9 E358 E9E7 		.ascii	"\343X\351\347\033\375Nc\005?\334\344\331\271\t\305 \177@\360"
 269      1BFD 4E63 
 269      053F DCE4 
 269      D9B9 09C5 
 269      207F 40F0 
 270 02dd D1F5 D93A 		.ascii	"\321\365\331:\035\232\233\346\255\213}\262\337\\\017\003!\314"
 270      1D9A 9BE6 
 270      AD8B 7DB2 
 270      DF5C 0F03 
 270      21CC 
 271 02ef 87EF E70E 		.ascii	"\207\357\347\016\202\3741\231\257\232;\315\032\332\235\017\263"
 271      82FC 3199 
 271      AF9A 3BCD 
 271      1ADA 9D0F 
 271      B3
 272 0300 A237 761F 		.ascii	"\2427v\037\fa\356\237i6\027\2373C\220DS\315%A\320\304\203\273"
 272      0C61 EE9F 
 272      6936 179F 
 272      3343 9044 
 272      53CD 2541 
 273 0318 9004 7FE0 		.ascii	"\220\004\177\340\353a\232E#\\r\215\212\261\037j\245\223\177+"
 273      EB61 9A45 
 273      235C 728D 
 273      8AB1 1F6A 
 273      A593 7F2B 
 274 032c DF2A 7A8F 		.ascii	"\337*z\217\024\356\222$z\r\367\340$\276=g\351\262\207\343\351"
 274      14EE 9224 
 274      7A0D F7E0 
 274      24BE 3D67 
 274      E9B2 87E3 
 275 0341 E895 07CF 		.ascii	"\350\225\007\317\337f0\n\t\036)\302\333\376\027\275\205\027\307"
 275      DF66 300A 
 275      091E 29C2 
 275      DBFE 17BD 
 275      8517 C7
 276 0354 1537 9BD7 		.ascii	"\0257\233\327\307c(\323\255\264\261\275\332\342\326\370\2633"
 276      C763 28D3 
 276      ADB4 B1BD 
 276      DAE2 D6F8 
 276      B333 
 277 0366 A666 E77E 		.ascii	"\246f\347~P\252\343\205}oG\347B\004\245\3725\257\274\361\240"
 277      50AA E385 
 277      7D6F 47E7 
 277      4204 A5FA 
 277      35AF BCF1 
 278 037b 5C87 A44D 		.ascii	"\\\207\244MP\256\343\251\265\314\333>\365\302\366!\243\350\325"
GAS LISTING /tmp/ccxeDySx.s 			page 16


 278      50AE E3A9 
 278      B5CC DB3E 
 278      F5C2 F621 
 278      A3E8 D5
 279 038e 9BE4 CCB5 		.ascii	"\233\344\314\265\211\346\037\365\201\2555\251\002\036\210\326"
 279      89E6 1FF5 
 279      81AD 35A9 
 279      021E 88D6 
 280 039e 5A9A CE6F 		.ascii	"Z\232\316o\022\323\347#\006\017}\275\272\243v\177\331\303\361"
 280      12D3 E723 
 280      060F 7DBD 
 280      BAA3 767F 
 280      D9C3 F1
 281 03b1 0B06 22F6 		.ascii	"\013\006\"\366\022\361iK\313\247\201\300)\025\370\210\003}\315"
 281      12F1 694B 
 281      CBA7 81C0 
 281      2915 F888 
 281      037D CD
 282 03c4 E974 FA09 		.ascii	"\351t\372\tW\252Z\256R\200\332\036\"lu+\003o\3704\255\"f\204"
 282      57AA 5AAE 
 282      5280 DA1E 
 282      226C 752B 
 282      036F F834 
 283 03dc 4FF7 CA7E 		.ascii	"O\367\312~\315\245=\371\025\005\263\276v\357\253yO\034\334>\f"
 283      CDA5 3DF9 
 283      1505 B3BE 
 283      76EF AB79 
 283      4F1C DC3E 
 284 03f1 ACB1 7D86 		.ascii	"\254\261}\206\032Dk#\350\205\225\327\246\20019\247\"\347\203"
 284      1A44 6B23 
 284      E885 95D7 
 284      A680 3139 
 284      A722 E783 
 285 0405 2E81 0461 		.ascii	".\201\004a\257\336\2452/\255\307A\207\036\022\266@\207\356\215"
 285      AFDE A532 
 285      2FAD C741 
 285      871E 12B6 
 285      4087 EE8D 
 286 0419 B0C7 E28B 		.ascii	"\260\307\342\213\360\374\235\3576D\tt\211\033\240\240\341rL`"
 286      F0FC 9DEF 
 286      3644 0974 
 286      891B A0A0 
 286      E172 4C60 
 287 042d 844F 5482 		.ascii	"\204OT\202CD\270\326\220W$Q\204\3570X\364\235z\257\311G|5j\251"
 287      4344 B8D6 
 287      9057 2451 
 287      84EF 3058 
 287      F49D 7AAF 
 288 0447 12E3 C34E 		.ascii	"\022\343\303N\304\362\312\245U\b$\376\251\022\237\n\242k\333"
 288      C4F2 CAA5 
 288      5508 24FE 
 288      A912 9F0A 
 288      A26B DB
 289 045a 755B 1079 		.ascii	"u[\020y\r/\3617\323\220k+\211\240\3537\270\330#]xa\3032\257t"
 289      0D2F F137 
 289      D390 6B2B 
 289      89A0 EB37 
GAS LISTING /tmp/ccxeDySx.s 			page 17


 289      B8D8 235D 
 290 0474 8F14 85E3 		.ascii	"\217\024\205\343\302\326\266\273f\264\213_y\fVDO\f\317w\027\322"
 290      C2D6 B6BB 
 290      66B4 8B5F 
 290      790C 5644 
 290      4F0C CF77 
 291 048a 4D17 C30F 		.ascii	"M\027\303\017m\025\033\302@\306\267v7\216u\341\r\rk\302X\235"
 291      6D15 1BC2 
 291      40C6 B776 
 291      378E 75E1 
 291      0D0D 6BC2 
 292 04a0 E17B F8FF 		.ascii	"\341{\370\377\376B\343\275\334\370\264\255cw\3438\027\r\373g"
 292      FE42 E3BD 
 292      DCF8 B4AD 
 292      6377 E338 
 292      170D FB67 
 293 04b4 C278 5D59 		.ascii	"\302x]Y\036\244\212\210\337\303`\035\022\002Gd<\037\221N\344"
 293      1EA4 8A88 
 293      DFC3 601D 
 293      1202 4764 
 293      3C1F 914E 
 294 04c9 BDC5 66C1 		.ascii	"\275\305f\301h\033%\036$\341\244p\360Y\300\177\213\360\337\027"
 294      681B 251E 
 294      24E1 A470 
 294      F059 C07F 
 294      8BF0 DF17 
 295 04dd 6199 47D2 		.ascii	"a\231G\322\217\035Ne\232\324\214t\276H\313\3742\353\004;\220"
 295      8F1D 4E65 
 295      9AD4 8C74 
 295      BE48 CBFC 
 295      32EB 043B 
 296 04f2 9C93 9D95 		.ascii	"\234\223\235\225\234\221\376Y\362\221o\262\222\323\217\245f\344"
 296      9C91 FE59 
 296      F291 6FB2 
 296      92D3 8FA5 
 296      66E4 
 297 0504 1C4D 4BCE 		.ascii	"\034MK\3169\236\236\221|4-\343\310\211\303\2373mJ\312\361\314"
 297      399E 9E91 
 297      7C34 2DE3 
 297      C889 C39F 
 297      336D 4ACA 
 298 051a AF22 B84C 		.ascii	"\257\"\270LO\375\";\345h\252&%%3\373_\2373d\254"
 298      4FFD 223B 
 298      E568 AA26 
 298      2525 33FB 
 298      5F9F 3364 
 299               		.text
 300               		.section	.gnu.lto_buttonHigh.8be6ed9da67a9735,"",@progbits
 301 0000 789C 7D90 		.string	"x\234}\220;K\003Q\020\205\347\314\335Mb\214\032,S\330\030\260\323\302_$V\026\372\027\334\
 301      3B4B 0351 
 301      1085 E7CC 
 301      DD4D 628C 
 301      1A2C 53D8 
 302 00c7 2CC5 585A 		.ascii	",\305XZl-A-DW2\243\006Kr.\253)\342\340\271\357}\251V1/l\311\r"
 302      6C2D 412D 
 302      4457 32A3 
 302      064B 722E 
GAS LISTING /tmp/ccxeDySx.s 			page 18


 302      AB29 E2E0 
 303 00e5 D9E1 DD1D 		.ascii	"\331\341\335\035\317\234\025\327\013\317\257\216OB^K\332\216"
 303      CF9C 15D7 
 303      0BCF AF8E 
 303      4F42 5E4B 
 303      DA8E 
 304 00f7 94A7 8AD5 		.ascii	"\224\247\212\325\223\030O\244Pa\033\313bpE\rb\025\223\240\"\222"
 304      9318 4FA4 
 304      5061 1BCB 
 304      6270 450D 
 304      6215 93A0 
 305 010d E580 8FB2 		.ascii	"\345\200\217\262}\332T\346l\300\373s\373\r\2045\221\312\215C"
 305      7DDA 54E6 
 305      6CC0 FB73 
 305      FB0D 8435 
 305      91CA 8D43 
 306 0121 50CD 7FB4 		.ascii	"P\315\177\264\264\320\204A\236\275\354r\330g\006ed{\261P\254"
 306      B4D0 8441 
 306      9EBD EC72 
 306      D867 0665 
 306      647B B150 
 307 0136 F1FC 34AA 		.ascii	"\361\3744\252\237\344\341\314]\335/a\375\207\260\361\355\247"
 307      9FE4 E1CC 
 307      5DDD 2F61 
 307      FD87 B0F1 
 307      EDA7 
 308 0148 370F 7F9A 		.ascii	"7\017\177\232}\300O\370F\002\336\024m\001\251\323d\375\227F\004"
 308      7DC0 4FF8 
 308      4602 DE14 
 308      6D01 A9D3 
 308      64FD 9746 
 309 015d 89B9 BDFE 		.ascii	"\211\271\275\376\240'\020\314\226\227\276\346f(\337bJ\022\203"
 309      A027 10CC 
 309      9697 BEE6 
 309      6628 DF62 
 309      4A12 83
 310 0170 C676 8644 		.ascii	"\306v\206D\224^X\202\277\006\020\217\361\204\033Ac\314\254\270"
 310      945E 5882 
 310      BF06 108F 
 310      F184 1B41 
 310      63CC ACB8 
 311 0184 2191 4235 		.ascii	"!\221B5\022t\260\263\255\243\253\271\235>\001\235\264\264\341"
 311      1274 B0B3 
 311      ADA3 ABB9 
 311      9D3E 019D 
 311      B4B4 E1
 312               		.text
 313               		.section	.gnu.lto_tickSM.8be6ed9da67a9735,"",@progbits
 314 0000 789C 9555 		.ascii	"x\234\225U[O\\U\024\336k\237\373\334/\264\320!\372`\333\360\246"
 314      5B4F 5C55 
 314      14DE 6B9F 
 314      FBDC 2FB4 
 314      D021 FA60 
 315 0017 FFC4 7FE0 		.ascii	"\377\304\177\340\2031}\360A\237}!=\303\200i\250\245\2104\020"
 315      8331 7DF0 
 315      419F 7D21 
 315      3DC3 8069 
GAS LISTING /tmp/ccxeDySx.s 			page 19


 315      A8A5 8834 
 316 002c C586 84A8 		.ascii	"\305\206\204\250PZ\240EZ\005\252\323\033m-\266r\353\f#\305\306"
 316      505A A045 
 316      5A05 AAD3 
 316      1B6D 2DB6 
 316      72EB 0C23 
 317 0042 80D6 1823 		.ascii	"\200\326\030#\3154\264S\241\270\326\336\347\034\016e\006\235"
 317      CD34 B453 
 317      A1B8 D6DE 
 317      E71C 0E65 
 317      069D 
 318 0054 7958 B367 		.ascii	"yX\263g\355o}g\355\365}\373\214\302\312|\200\261\267,\306,Z\326"
 318      ED6F 7D67 
 318      EDF5 7DFB 
 318      8CC2 CA7C 
 318      80B1 B72C 
 319 006c 30E0 ED77 		.ascii	"0\340\355w\031K\233\\\321ZR\3146\025\021U\271\006Mn\252\356B"
 319      194B 9B5C 
 319      D15A 52CC 
 319      3615 1155 
 319      B906 4D6E 
 320 0083 D393 9930 		.ascii	"\323\223\2310\356\350\"\032\"\206D\f\213\030\221\273\220\224"
 320      EEE8 221A 
 320      2286 440C 
 320      8B18 91BB 
 320      9094 
 321 0095 7083 5BC7 		.ascii	"p\203[\307\032\230\0350)\206L\260d\332\342\001\221\016\212t\300"
 321      1A98 1D30 
 321      2986 4CB0 
 321      64DA E201 
 321      910E 8A74 
 322 00aa 4507      		.ascii	"E\007"
 323 00ac DD45 C85D 		.string	"\335E\310]\204\335E\204\307DETTD!&\3231\036\237|\025\323\211\37170\035w\321\tw\221\004\24
 323      84DD 4584 
 323      C744 4554 
 323      5444 2126 
 323      D331 1E9F 
 324 01ad 0753 0811 		.ascii	"\007S\b\021C8'!\237\346V\237(\364x\340\364\370\217/\346\237["
 324      4338 2721 
 324      9FE6 569F 
 324      28F4 78E0 
 324      F4F8 8F2F 
 325 01c4 4EC5 B4A8 		.ascii	"N\305\264\250\030\002*Q\250d\030K\030\035Pa-)%\017\351\030\365"
 325      1802 2A51 
 325      A864 184B 
 325      181D 5061 
 325      2D29 250F 
 326 01db 427C 4B90 		.ascii	"B|K\220\311\236:\316\351'\261\234\236k\033\342\356I\325\"\365"
 326      C99E 3ACE 
 326      E927 B19C 
 326      9E6B 1BE2 
 326      EE49 D522 
 327 01f0 0423 D088 		.ascii	"\004#\320\210"
 328 01f4 73D2 44BD 		.string	"s\322D\275\272\263^\301\372\226\354\330\235\362\365z\221\032\206\363X\217[\237\344{fU\352
 328      BAB3 5EC1 
 328      FA96 ECD8 
 328      9DF2 F57A 
GAS LISTING /tmp/ccxeDySx.s 			page 20


 328      911A 86F3 
 329 02f5 AE40 0AAE 		.string	"\256@\n\256\212\226\256\221\252\005\310<\373\020\237.\351j$c\357\344\362\211\020Q\0046\20
 329      8A96 AE91 
 329      AA05 C83C 
 329      FB10 9F2E 
 329      E96A 2463 
 330 0381 5591 E46B 		.string	"U\221\344k\033\263FU\222\377\340I~\207$\037\002\251y\320%\034\331\354\320*\020\226\277\20
 330      1BB3 4655 
 330      92FF E049 
 330      7E87 241F 
 330      02A9 79D0 
 331 046d 358B D5C6 		.ascii	"5\213\325\306{o\277\373\376\353\357\260\177\001\037\310R\316"
 331      7B6F BFFB 
 331      FEEB EFB0 
 331      7F01 1FC8 
 331      52CE 
 332               		.text
 333               		.section	.gnu.lto_main.8be6ed9da67a9735,"",@progbits
 334 0000 789C 654F 		.ascii	"x\234eO\261J\003A\020\2357\273\271DL\021,S\330X\244\263\363\003"
 334      B14A 0341 
 334      109D 37BB 
 334      B944 4C11 
 334      2C53 D858 
 335 0018 FC14 B1B2 		.ascii	"\374\024\261\262\320?8\334;SX\210Z\212\242\bA\215\032O\021\254"
 335      D03F 38DC 
 335      3B53 5888 
 335      5A8A A208 
 335      418D 1A4F 
 336 002e 144C 9742 		.ascii	"\024L\227B\270F! \261\321\004\264K8\025\017\tq\306\303\312\205"
 336      B846 2120 
 336      B1D1 04B4 
 336      4B38 150F 
 336      0971 C6C3 
 337 0044 DD9D F7E6 		.ascii	"\335\235\367\346\315\333\267\206\376\257\031\331\223 \032\223"
 337      CDDB B786 
 337      FEAF 19D9 
 337      9320 1A93 
 338 0054 1B39 026F 		.ascii	"\0339\002o\306DA\201a\262\302\300f\205\315\230Y\3202\033\013"
 338      C644 4181 
 338      61B2 C2C0 
 338      6685 CD98 
 338      59D0 321B 
 339 0069 3932 8337 		.ascii	"92\2037\0360\356\236\277\222\342+\247L%\022\270\335\356\275\033"
 339      1E30 EE9E 
 339      BF92 E22B 
 339      A74C 2512 
 339      B8DD EEBD 
 340 007e 8560 8571 		.ascii	"\205`\205q\264U3\225\003\347\\\3772y\b\021\026SfJ\230p\2042\352"
 340      B455 3395 
 340      03E7 5CFF 
 340      3279 0811 
 340      1653 664A 
 341 0097 28EB DBC7 		.ascii	"(\353\333\307\250\250vP\035\266\307\275\252hK\252\220\306\t<"
 341      A8A8 7650 
 341      1DB6 C7BD 
 341      AA68 4BAA 
 341      90C6 093C 
GAS LISTING /tmp/ccxeDySx.s 			page 21


 342 00ab C947 E713 		.ascii	"\311G\347\023M7\032\275l4>l\216\250+-POl`\036\021\366/\342\232"
 342      4D37 1ABD 
 342      6C34 3E6C 
 342      8EA8 2B2D 
 342      504F 6C60 
 343 00c5 51A5 38B4 		.ascii	"Q\2458\264\256>\353\236\377\355V]!e3T\017a\203\303\353\265\274"
 343      AE3E EB9E 
 343      FFED 565D 
 343      2165 3354 
 343      0F61 83C3 
 344 00dc 4632 BF70 		.ascii	"F2\277p\377\246\363\204]\354\004NU\214S\370hh\020\234\t\215)"
 344      FFA6 F384 
 344      5DEC 044E 
 344      558C 53F8 
 344      6868 109C 
 345 00f3 8DD4 13AD 		.ascii	"\215\324\023\255|\331t\260\322\274\215\241\366:\272w\277\036"
 345      7CD9 74B0 
 345      D2BC 8DA1 
 345      F63A BA77 
 345      BF1E 
 346 0105 F19F BF4D 		.ascii	"\361\237\277MX\302!\202O)K.\tfu\b]\345e\345\027\347\026\226\246"
 346      58C2 2182 
 346      4F29 4B2E 
 346      0966 7508 
 346      5DE5 65E5 
 347 011e E7E9 071E 		.ascii	"\347\351\007\036tk\363"
 347      746B F3
 348               		.text
 349               		.section	.gnu.lto_.symbol_nodes.8be6ed9da67a9735,"",@progbits
 350 0000 789C 55CF 		.ascii	"x\234U\317\273\016\001Q\020\306\361\357\314\030{\366\346N\353"
 350      BB0E 0151 
 350      10C6 F1EF 
 350      CC18 7BF6 
 350      E64E EB
 351 0013 05BC E36C 		.ascii	"\005\274\343lD!\024DO\016\331'\331\250\225j\205R\253\025{\211"
 351      4421 1444 
 351      4F0E D927 
 351      D9A8 956A 
 351      8552 AB15 
 352 0029 383B CD3F 		.ascii	"8;\315?\277\231j\030@l\320\fE\n\354o\200*\216n\235\200b5\255"
 352      BF99 6A18 
 352      406C D00C 
 352      450A EC6F 
 352      802A 8E6E 
 353 0042 85CC E048 		.ascii	"\205\314\340H\231\022\245\337\376\344,(Un\271\247\035\337\022"
 353      9912 A5DF 
 353      FEE4 2C28 
 353      556E B9A7 
 353      1DDF 12
 354 0055 9833 29C4 		.ascii	"\2303)\304R\025\352\253\374\257\023\230\261v\033#\313,\314H\003"
 354      5215 EAAB 
 354      FCAF 1398 
 354      B176 1B23 
 354      CB2C CC48 
 355 006a 9F43 B53E 		.ascii	"\237C\265>\007\032\372\234j\344\221\313W.\217\217aN\221o^s\346"
 355      071A FA9C 
 355      6AE4 91CB 
GAS LISTING /tmp/ccxeDySx.s 			page 22


 355      572E 8F8F 
 355      614E 916F 
 356 0081 04F9 AE6A 		.ascii	"\004\371\256j\214k\335\b\317\272!V\207\262\302X\276\027,\006"
 356      8C6B DD08 
 356      CFBA 2156 
 356      87B2 C258 
 356      BE17 2C06 
 357 0095 4519 2B28 		.ascii	"E\031+(\334}\033\340\013\314BD;"
 357      DC7D 1BE0 
 357      0BCC 4244 
 357      3B
 358               		.text
 359               		.section	.gnu.lto_.refs.8be6ed9da67a9735,"",@progbits
 360 0000 789C 25CA 		.ascii	"x\234%\312\261\016\200 \020D\301}\020o/\241\206\030k\rT\376\377"
 360      B10E 8020 
 360      1044 C17D 
 360      106F 2FA1 
 360      8618 6B0D 
 361 0017 E761 E2D4 		.ascii	"\347a\342\324S%\275\372A)\264C\201\"q\303\235\030\370\304\027"
 361      5325 BDFA 
 361      4129 B443 
 361      8122 71C3 
 361      9D18 F8C4 
 362 002c BEF1 234F 		.ascii	"\276\361#Ob\221|e\003'\212\001\264"
 362      6291 7C65 
 362      0327 8A01 
 362      B4
 363               		.text
 364               		.section	.gnu.lto_.decls.8be6ed9da67a9735,"",@progbits
 365 0000 789C 8D57 		.string	"x\234\215W}P\024W\022\2377\263\313.\273|\344\274\234&T.\302\231\363\222*K\022\023\215\367
 365      7D50 1457 
 365      129F 37B3 
 365      CB2E BB7C 
 365      E4BC 9C26 
 366 004d 8A60 40C1 		.string	"\212`@\301\017p\025? \004]\003\n(\262\327\257\337\033\230UHe\252zg\336\233_w\377\272\373\
 366      0F70 153F 
 366      2004 5D03 
 366      0A28 B2D7 
 366      AFDF 1B98 
 367 0092 6916 D865 		.string	"i\026\330e\004i\005i\243v@\256\203\334\004\271\005\322\rr\027\244\027\344>\310 \210D\005|
 367      0469 0569 
 367      A376 40AE 
 367      83DC 04B9 
 367      05D2 0D72 
 368 00de FB1C 6136 		.string	"\373\034a6\237\207\373\013 \177\005y\254\212\371\2020\352\207\372_"
 368      9F87 FB0B 
 368      207F 0579 
 368      AC8A F982 
 368      30EA 87FA 
 369 00f4 F2A2 CA67 		.string	"\362\242\312g\033\367KxL\352\313\301\371*>\337\347\343)*\356o\361\\\276\004\317\375p\377;
 369      1BF7 4B78 
 369      4CEA CBC1 
 369      F92A 3EDF 
 369      E7E3 292A 
 370 0165 791D E40D 		.ascii	"y\035\344\r\220\231 \263@\336\004\231\r\362\3171\326\310\255"
 370      9099 20B3 
 370      40DE 0499 
GAS LISTING /tmp/ccxeDySx.s 			page 23


 370      0DF2 CF31 
 370      D6C8 AD
 371 0178 3162 98A3 		.ascii	"1b\230\243\312\035\275D\216\273\311\343\321>a\343\236Hj\212\266"
 371      CA1D BD44 
 371      8EBB C9E3 
 371      D13E 61E3 
 371      9E48 6A8A 
 372 018d FC47 1209 		.ascii	"\374G\022\t<j\312k\373W\373\222\251~~\206<Y\226\223d\177RD\f"
 372      3C6A CA6B 
 372      FB57 FB92 
 372      A97E 7E86 
 372      3C59 9693 
 373 01a6 249F 482A 		.ascii	"$\237H*\r+\314\017\374\213\276\200G=\336\223dy\205lO\262\307"
 373      0D2B CC0F 
 373      FC8B BE80 
 373      473D DE93 
 373      6479 856C 
 374 01bd 1222      		.ascii	"\022\""
 375 01bf 9069 7EE4 		.string	"\220i~\344\025?\201\024\220\251\370N \205\304\217\354$~\324\325\216\306\246V_\003\207\237
 375      153F 8114 
 375      90A9 F84E 
 375      2085 C48F 
 375      EC24 7ED4 
 376 02c0 D353 FC48 		.string	"\323S\374H%N\213\275\307+{|\210~j\002\022\267\003\361\345#\304\367\003\362(\321S\346\344\
 376      254E 8BBD 
 376      C72B 7B7C 
 376      887E 6A02 
 376      12B7 03F1 
 377 03ad BEA6 CEC0 		.ascii	"\276\246\316\300d=\235l\3005\265\276nS\232V\212'n\\\3463.\231"
 377      643D 9D6C 
 377      C035 B5BE 
 377      6E53 9A56 
 377      8A27 6E5C 
 378 03c5 DD03 657A 		.ascii	"\335\003ez\034\272\\\022e\262~EZ\276'gb\033\222\bi\006\026\215"
 378      1CBA 5C12 
 378      65B2 7E45 
 378      5ABE 2767 
 378      621B 9208 
 379 03dd A32C E6AB 		.ascii	"\243,\346\253Y\260v\023Fz\2154\001\213\371\234\3059\230\374\231"
 379      59B0 7613 
 379      467A 8D34 
 379      018B F99C 
 379      C539 98FC 
 380 03f2 4E36 238B 		.ascii	"N6#\213\304\204\264z=\024\b\373\220|\201I\312\275\3210y\322z"
 380      C484 B47A 
 380      3D14 08FB 
 380      907C 8149 
 380      CABD D130 
 381 0409 F024 DB65 		.ascii	"\360$\333e\3719\201,\234\310\363/\220\013d\022\374\236'\032\326"
 381      F939 812C 
 381      9CC8 F32F 
 381      900B 6412 
 381      FC9E 271A 
 382 041e 91F7 AB0B 		.ascii	"\221\367\253\013:tR*\213a\377\rk\247\321\177\253l/qV\3047\370"
 382      3A74 522A 
 382      8B61 FF0D 
 382      6BA7 D17F 
GAS LISTING /tmp/ccxeDySx.s 			page 24


 382      AB6C 2F71 
 383 0436 C4CB 25B2 		.ascii	"\304\313%\262\354r\375\017\225H\313\bW\201>\263\365\327J\374"
 383      EC72 FD0F 
 383      9548 CB08 
 383      5781 3EB3 
 383      F5D7 4AFC 
 384 044a 412F 29EF 		.ascii	"A/)\357\366%\202\024hP\214B~\365\335\342\321\271\213l1=\270\346"
 384      F625 8214 
 384      6850 8C42 
 384      7EF5 DDE2 
 384      D1B9 8B6C 
 385 0462 A8F3 1A87 		.ascii	"\250\363\032\207\330e$vI!\226\322TU\344!\331\030\261\203\271"
 385      D865 2476 
 385      4921 96D2 
 385      5455 E421 
 385      D918 B183 
 386 0477 03E5 5E48 		.ascii	"\003\345^H\314V\233,\373\307\312C\220U\252A\256\250X]QX\265!"
 386      CC56 9B2C 
 386      FBC7 CA43 
 386      9055 AA41 
 386      AEA8 585D 
 387 048f AB84 EE83 		.ascii	"\253\204\356\203\245"
 387      A5
 388 0494 9E6A 67EF 		.string	"\236jg\357\033F\234\265\243\263/\270\257\226\304\263u\336R\021\363\225\336\327\374+\365\3
 388      1B46 9CB5 
 388      A3B3 2FB8 
 388      AF96 C4B3 
 388      75DE 5211 
 389 0595 5F66 A041 		.ascii	"_f\240A\356\250\b\334Q\b\334E\002\247vf\234fI\250\031!\260+\253"
 389      EEA8 08DC 
 389      5108 DC45 
 389      02A7 7666 
 389      9C66 49A8 
 390 05ae 337D 3C02 		.ascii	"3}<\002\367\220\200S!\220\234\262\363\266$\2650\002\005\003\327"
 390      F790 8053 
 390      2190 9CB2 
 390      F3B6 24B5 
 390      3002 0503 
 391 05c3 AD3E 8CC0 		.ascii	"\255>\214\300\346Q\002\240A~S\021\370M!\320\213\004~\353\276"
 391      E651 02A0 
 391      417E 5311 
 391      F84D 21D0 
 391      8B04 7EEB 
 392 05d8 51E5 29B5 		.ascii	"Q\345)\2653\013\345\t{\263u\314\302\226Q\013t9\364\251,\364)"
 392      330B E509 
 392      7BB3 75CC 
 392      C296 510B 
 392      7439 F4A9 
 393 05ef 16EE A385 		.ascii	"\026\356\243\205\023\r\025\033X\257\006(\245m\210\353I\321\215"
 393      130D 151B 
 393      58AF 0628 
 393      A56D 88EB 
 393      49D1 8D
 394 0602 1341 3F46 		.ascii	"\023A?F\360@\211\2409q\325Y_\351\026\363\237\225u\326\351\313"
 394      F040 89A0 
 394      3971 D559 
 394      5FE9 16F3 
GAS LISTING /tmp/ccxeDySx.s 			page 25


 394      9F95 75D6 
 395 0618 AAB8 AAAB 		.ascii	"\252\270\252\253"
 396 061c 77F9 3939 		.string	"w\37199)Av\302f\274BN'T\221\f\250h\f(4\006\221Fjq^\257/\356\364t\307$\217\036l\033\366\24
 396      2941 76C2 
 396      66BC 424E 
 396      2754 910C 
 396      A868 0C28 
 397 071d 6612 9E32 		.string	"f\022\2362\223\300\315$\242\231\254\3763\325\276\370\271~\216\032\252z\220\261K;~\325V\21
 397      93C0 CD24 
 397      A299 ACFE 
 397      33D5 BEF8 
 397      B97E 8E1A 
 398 0756 341A 13BA 		.ascii	"4\032\023\272R}\306w\220\2428x\005\355\367\337\336Q\252e\366"
 398      527D C677 
 398      90A2 3878 
 398      05ED F7DF 
 398      DE51 AA65 
 399 076b 1B47 EC8F 		.ascii	"\033G\354\217\242W\243\375\024f\1775\332\277\224\223\237\355"
 399      A257 A3FD 
 399      1466 7F35 
 399      DABF 9493 
 399      9FED 
 400 077d 49ED AFFC 		.ascii	"I\355\257\374#\307KP\030\330`k5\270\035\223\327\210j\037\251"
 400      23C7 4B50 
 400      18D8 606B 
 400      35B8 1D93 
 400      D788 6A1F 
 401 0792 223B 26C3 		.ascii	"\";&\303}\234}\364\342\306\363g\215\3434[\272H\233-M\344\315"
 401      7D9C 7DF4 
 401      E2C6 F367 
 401      8DE3 345B 
 401      BA48 9B2D 
 402 07a9 B632 67F3 		.ascii	"\2662g\363U\255t\216\025-\251\327\271\302\200\237E\307\236\326"
 402      55AD 748E 
 402      152D A9D7 
 402      B9C2 809F 
 402      45C7 9ED6 
 403 07bd 67D9 361E 		.ascii	"g\3316\036\033G\250\016\371Q\034\355\263\037E\336gkE"
 403      1B47 A80E 
 403      F951 1CED 
 403      B31F 45DE 
 403      676B 45
 404 07d0 DA67 C9AB 		.ascii	"\332g\311\253b{\364X1\371Yj\346a|S\202\210}g\307\303nJ\301\032"
 404      627B F458 
 404      31F9 596A 
 404      E661 7C53 
 404      8288 7D67 
 405 07ea 76E0 3A86 		.ascii	"v\340:\206\303\222\272\224*\257\361\023\276AI\370z\021\323\321"
 405      C392 BA94 
 405      2AAF F113 
 405      BE41 49F8 
 405      7A11 D3D1 
 406 07fe 39DC 7748 		.ascii	"9\334wH\3172\236\216\031\247q\256\203\212f\210\024\236\211\031"
 406      CF32 9E8E 
 406      19A7 71AE 
 406      838A 6688 
 406      149E 8919 
GAS LISTING /tmp/ccxeDySx.s 			page 26


 407 0812 DFC0 329E 		.ascii	"\337\3002\236\211\031OK\317\355q\377\237Q\356V$+O\240\225&P\272"
 407      8919 4F4B 
 407      CFED 71FF 
 407      9F51 EE56 
 407      242B 4FA0 
 408 082a 5ADC 74DC 		.ascii	"Z\334t\334\213\030\374\374\222X\276\324\307K\201d!\233M\340n"
 408      8B18 FCFC 
 408      9258 BED4 
 408      C74B 8164 
 408      219B 4DE0 
 409 083f 23B8 C3BF 		.ascii	"#\270\303\277S\223q\222>\332;\3414\343bW\232\016\247\351\017"
 409      5393 7192 
 409      3EDA 3BE1 
 409      34E3 6257 
 409      9A0E A7E9 
 410 0854 50D8 5D76 		.ascii	"P\330]v\361\0337\006\364\3043\312`3g\260\031Kx6\273z3qC\323\326"
 410      F11B 3706 
 410      F4C4 33CA 
 410      6033 67B0 
 410      194B 7836 
 411 086f 1D45 6FE1 		.ascii	"\035Eo\341\350-\210\266u\255+\363pCC\324*\364V\216\336\212\350"
 411      E82D 88B6 
 411      75AD 2BF3 
 411      7043 43D4 
 411      2AF4 568E 
 412 0886 58FB EE26 		.ascii	"X\373\356&"
 413 088a 1DD6 6636 		.string	"\035\326f6.\337\\G7\301Z\350\350pm|E\205\017\016=p\313k\263n3\216_\231mJerXe\036\247\330\
 413      2EDF 5C47 
 413      37C1 5AE8 
 413      E870 6D7C 
 413      4585 0F0E 
 414 098b 7A30 5975 		.ascii	"z0Yu\347\005|\357\254\330\276\367y9Yt\007\355EP\371\261G'<\021"
 414      E705 7CEF 
 414      ACD8 BEF7 
 414      7939 5974 
 414      07ED 4550 
 415 09a5 653B 136F 		.ascii	"e;\023o\027\211;f\037b\326\305\016\024\352\306\366T\206\200\312"
 415      1789 3B66 
 415      1F62 D6C5 
 415      0E14 EAC6 
 415      F654 8680 
 416 09ba 819D 27B9 		.ascii	"\201\235'\271\221\236\247\215\224#&\261\343a\r\031\333\310~\004"
 416      919E A78D 
 416      9423 26B1 
 416      E361 0D19 
 416      DBC8 7E04 
 417 09ce EC59 DDF4 		.ascii	"\354Y\335\364_fc\350i\033\007\020R\3235\370\t\203\270\236\206"
 417      5F66 63E8 
 417      691B 0710 
 417      52D3 35F8 
 417      0983 B89E 
 418 09e3 5420 A465 		.ascii	"T \244ek\376E\343\330n\016\212\001\202&\364\353\220(]\2149\322"
 418      6BFE 45E3 
 418      D86E 0E8A 
 418      0182 26F4 
 418      EB90 285D 
 419 09fa 32DB 64F1 		.ascii	"2\333d\361\230\367\321\247\376s\205\027\003c\242\243\002\303"
GAS LISTING /tmp/ccxeDySx.s 			page 27


 419      98F7 D1A7 
 419      FE73 8517 
 419      0363 A2A3 
 419      02C3 
 420 0a0c CD8B 0343 		.ascii	"\315\213\003C\276\215\n4G\206\206\307|\025\026\030m\371\nP\323"
 420      BE8D 0A34 
 420      4786 86C7 
 420      7C15 1618 
 420      6DF9 0A50 
 421 0a21 BF16 0C73 		.ascii	"\277\026\fs\027|\260 (x\341\234\271\357z,\372\364\2637f\314\360"
 421      177C B020 
 421      2878 E19C 
 421      B9EF 7A2C 
 421      FAF4 B337 
 422 0a38 089A F7CE 		.ascii	"\b\232\367\316\314Y3=\337\231\263\350\335 \023\f<\227~\373\346"
 422      CC59 333D 
 422      DF99 B3E8 
 422      DD20 130C 
 422      3C97 7EFB 
 423 0a4d AC37 5FA5 		.ascii	"\2547_\245\340\240w\203\027|\360\351'\357-\370H\372l\336\034"
 423      E0A0 7783 
 423      177C F0E9 
 423      27EF 2DF8 
 423      48FA 6CDE 
 424 0a62 CDC7 F0A3 		.ascii	"\315\307\360\243\375\230\376\352\251\323\327g\230,\370\360\332"
 424      FD98 FEEA 
 424      A9D3 D767 
 424      982C F8F0 
 424      DA
 425 0a73 2C93 C533 		.ascii	",\223\3053\330\022e\216\\\262pI\204.\"\304\0349=T0\204\206,\263"
 425      D812 658E 
 425      5CB2 7049 
 425      842E 22C4 
 425      1C39 3D54 
 426 0a8c C444 85BD 		.ascii	"\304D\205\275\027\261D\033\035f\211YfX\034c\261,\215\234o^\362"
 426      17B1 441B 
 426      1D66 8959 
 426      6658 1C63 
 426      B12C 8D9C 
 427 0aa3 B587 C51C 		.ascii	"\265\207\305\034\372M\360\207\332\357\242\202\302\226x\303\333"
 427      FA4D F087 
 427      DAEF A282 
 427      C296 78C3 
 427      DB
 428 0ab4 B94B C397 		.ascii	"\271K\303\227F\005/\013\t\r\363\200QPX\264.4$\342\275H\263\305"
 428      4605 2F0B 
 428      090D F380 
 428      5150 58B4 
 428      2E34 24E2 
 429 0acc CF64 5A1C 		.ascii	"\317dZ\034c\016\267\230#M\020\220\351\253\260\360\220\357M\241"
 429      630E B798 
 429      234D 1090 
 429      E9AB B0F0 
 429      90EF 4DA1 
 430 0ae0 DF87 8687 		.ascii	"\337\207\206\207E\377m\314Pc,\346\360@\204A\004\222\311\024j"
 430      45FF 6DCC 
 430      5063 2CE6 
GAS LISTING /tmp/ccxeDySx.s 			page 28


 430      F040 8441 
 430      0492 C914 
 431 0af5 3499 9645 		.ascii	"4\231\226E-]\022\021\026a2\351a<\375\265\3313gj\202\376\275H"
 431      2D5D 1211 
 431      1661 32E9 
 431      613C FDB5 
 431      D933 676A 
 432 0b0d D045 5B42 		.ascii	"\320E[B,a\301\037zD\006\323\007\317\350\260(sH\370\347Q\357x"
 432      2C61 C11F 
 432      7A44 06D3 
 432      07CF E8B0 
 432      2873 48F8 
 433 0b25 723F 11D1 		.ascii	"r?\021\321\336!\341\337\205|\037m2G\206\233#\303\376\017\205"
 433      DE21 E1DF 
 433      857C 1F6D 
 433      3247 869B 
 433      23C3 FE0F 
 434 0b3a 531D BE   		.ascii	"S\035\276"
 435               		.text
 436               		.section	.gnu.lto_.symtab.8be6ed9da67a9735,"",@progbits
 437 0000 7365 7475 		.string	"setup"
 437      7000 
 438 0006 00        		.string	""
 439 0007 00        		.string	""
 440 0008 00        		.string	""
 441 0009 00        		.string	""
 442 000a 00        		.string	""
 443 000b 00        		.string	""
 444 000c 00        		.string	""
 445 000d 00        		.string	""
 446 000e 00        		.string	""
 447 000f 00        		.string	""
 448 0010 00        		.string	""
 449 0011 E000      		.string	"\340"
 450 0013 00        		.string	""
 451 0014 00        		.string	""
 452 0015 6275 7474 		.string	"buttonHigh"
 452      6F6E 4869 
 452      6768 00
 453 0020 00        		.string	""
 454 0021 00        		.string	""
 455 0022 00        		.string	""
 456 0023 00        		.string	""
 457 0024 00        		.string	""
 458 0025 00        		.string	""
 459 0026 00        		.string	""
 460 0027 00        		.string	""
 461 0028 00        		.string	""
 462 0029 00        		.string	""
 463 002a 00        		.string	""
 464 002b E200      		.string	"\342"
 465 002d 00        		.string	""
 466 002e 00        		.string	""
 467 002f 7469 636B 		.string	"tickSM"
 467      534D 00
 468 0036 00        		.string	""
 469 0037 00        		.string	""
GAS LISTING /tmp/ccxeDySx.s 			page 29


 470 0038 00        		.string	""
 471 0039 00        		.string	""
 472 003a 00        		.string	""
 473 003b 00        		.string	""
 474 003c 00        		.string	""
 475 003d 00        		.string	""
 476 003e 00        		.string	""
 477 003f 00        		.string	""
 478 0040 00        		.string	""
 479 0041 E500      		.string	"\345"
 480 0043 00        		.string	""
 481 0044 00        		.string	""
 482 0045 7374 6174 		.string	"stateSM"
 482      6553 4D00 
 483 004d 00        		.string	""
 484 004e 0400      		.string	"\004"
 485 0050 0200      		.string	"\002"
 486 0052 00        		.string	""
 487 0053 00        		.string	""
 488 0054 00        		.string	""
 489 0055 00        		.string	""
 490 0056 00        		.string	""
 491 0057 00        		.string	""
 492 0058 0501 00   		.string	"\005\001"
 493 005b 00        		.string	""
 494 005c 6E53 7461 		.string	"nState"
 494      7465 00
 495 0063 00        		.string	""
 496 0064 0400      		.string	"\004"
 497 0066 0200      		.string	"\002"
 498 0068 00        		.string	""
 499 0069 00        		.string	""
 500 006a 00        		.string	""
 501 006b 00        		.string	""
 502 006c 00        		.string	""
 503 006d 00        		.string	""
 504 006e 0701 00   		.string	"\007\001"
 505 0071 00        		.string	""
 506 0072 6D61 696E 		.string	"main"
 506      00
 507 0077 00        		.string	""
 508 0078 00        		.string	""
 509 0079 00        		.string	""
 510 007a 00        		.string	""
 511 007b 00        		.string	""
 512 007c 00        		.string	""
 513 007d 00        		.string	""
 514 007e 00        		.string	""
 515 007f 00        		.string	""
 516 0080 00        		.string	""
 517 0081 00        		.string	""
 518 0082 E600      		.string	"\346"
 519 0084 00        		.string	""
 520 0085 00        		.string	""
 521 0086 7772 5265 		.string	"wrReg"
 521      6700 
 522 008c 00        		.string	""
GAS LISTING /tmp/ccxeDySx.s 			page 30


 523 008d 0200      		.string	"\002"
 524 008f 00        		.string	""
 525 0090 00        		.string	""
 526 0091 00        		.string	""
 527 0092 00        		.string	""
 528 0093 00        		.string	""
 529 0094 00        		.string	""
 530 0095 00        		.string	""
 531 0096 00        		.string	""
 532 0097 EB00      		.string	"\353"
 533 0099 00        		.string	""
 534 009a 00        		.string	""
 535 009b 7365 7443 		.string	"setColorSpace"
 535      6F6C 6F72 
 535      5370 6163 
 535      6500 
 536 00a9 00        		.string	""
 537 00aa 0200      		.string	"\002"
 538 00ac 00        		.string	""
 539 00ad 00        		.string	""
 540 00ae 00        		.string	""
 541 00af 00        		.string	""
 542 00b0 00        		.string	""
 543 00b1 00        		.string	""
 544 00b2 00        		.string	""
 545 00b3 00        		.string	""
 546 00b4 EF00      		.string	"\357"
 547 00b6 00        		.string	""
 548 00b7 00        		.string	""
 549 00b8 7365 7452 		.string	"setRes"
 549      6573 00
 550 00bf 00        		.string	""
 551 00c0 0200      		.string	"\002"
 552 00c2 00        		.string	""
 553 00c3 00        		.string	""
 554 00c4 00        		.string	""
 555 00c5 00        		.string	""
 556 00c6 00        		.string	""
 557 00c7 00        		.string	""
 558 00c8 00        		.string	""
 559 00c9 00        		.string	""
 560 00ca F300      		.string	"\363"
 561 00cc 00        		.string	""
 562 00cd 00        		.string	""
 563 00ce 6361 6D49 		.string	"camInit"
 563      6E69 7400 
 564 00d6 00        		.string	""
 565 00d7 0200      		.string	"\002"
 566 00d9 00        		.string	""
 567 00da 00        		.string	""
 568 00db 00        		.string	""
 569 00dc 00        		.string	""
 570 00dd 00        		.string	""
 571 00de 00        		.string	""
 572 00df 00        		.string	""
 573 00e0 00        		.string	""
 574 00e1 F500      		.string	"\365"
GAS LISTING /tmp/ccxeDySx.s 			page 31


 575 00e3 00        		.string	""
 576 00e4 00        		.string	""
 577               		.text
 578               		.section	.gnu.lto_.opts,"",@progbits
 579 0000 272D 666E 		.string	"'-fno-trapv' '-mn-flash=1' '-mno-skip-bug' '-mmcu=avr5' '-g' '-O2' '-flto' '-fpack-struct
 579      6F2D 7472 
 579      6170 7627 
 579      2027 2D6D 
 579      6E2D 666C 
 580               		.text
 581               		.comm	__gnu_lto_v1,1,1
 582               		.comm	__gnu_lto_slim,1,1
 583               		.ident	"GCC: (GNU) 4.9.2"
GAS LISTING /tmp/ccxeDySx.s 			page 32


DEFINED SYMBOLS
                            *ABS*:0000000000000000 main.c
     /tmp/ccxeDySx.s:2      *ABS*:000000000000003e __SP_H__
     /tmp/ccxeDySx.s:3      *ABS*:000000000000003d __SP_L__
     /tmp/ccxeDySx.s:4      *ABS*:000000000000003f __SREG__
     /tmp/ccxeDySx.s:5      *ABS*:0000000000000000 __tmp_reg__
     /tmp/ccxeDySx.s:6      *ABS*:0000000000000001 __zero_reg__
                            *COM*:0000000000000001 __gnu_lto_v1
                            *COM*:0000000000000001 __gnu_lto_slim

NO UNDEFINED SYMBOLS
